Lmod Warning: Input module (gcc) not found, using module: GCC . . . (ICER v.) 


# Running code with OMP_NUM_THREADS= 1
#  N=  , time (s)
  100, 0.01524
  100, 0.015207
  100, 0.015188
  100, 0.014669
  100, 0.014722
  100, 0.014904
  100, 0.015257
  100, 0.01476
  100, 0.015065
  100, 0.014589
  100, 0.014472
  100, 0.015106
  100, 0.01482
  100, 0.014677
  100, 0.015454
  100, 0.014629
  100, 0.014861
  100, 0.01463
  100, 0.01494
  100, 0.014559
  100, 0.014803
  100, 0.014754
  100, 0.014817
  100, 0.015002
  100, 0.014874
  100, 0.014561
  100, 0.014471
  100, 0.014735
  100, 0.015158
  100, 0.014571
  100, 0.015154
  100, 0.015523
  100, 0.014441
  100, 0.014794
  100, 0.015528
  100, 0.016065
  100, 0.015472
  100, 0.015084
  100, 0.015227
  100, 0.015139
  100, 0.014617
  100, 0.014788
  100, 0.01506
  100, 0.014552
  100, 0.014417
  100, 0.015041
  100, 0.014474
  100, 0.014864
  100, 0.015012
  100, 0.0151
  100, 0.014801
  100, 0.014949
  100, 0.014421
  100, 0.014422
  100, 0.014837
  100, 0.015039
  100, 0.014509
  100, 0.014423
  100, 0.014844
  100, 0.014519
  100, 0.014887
  100, 0.015063
  100, 0.014751
  100, 0.014691
  100, 0.014766
  100, 0.014893
  100, 0.014694
  100, 0.014741
  100, 0.014853
  100, 0.014897
  100, 0.014814
  100, 0.01497
  100, 0.014661
  100, 0.014568
  100, 0.015103
  100, 0.014989
  100, 0.014902
  100, 0.015303
  100, 0.014675
  100, 0.014615
  100, 0.014627
  100, 0.015039
  100, 0.014574
  100, 0.014612
  100, 0.014849
  100, 0.015027
  100, 0.01478
  100, 0.015088
  100, 0.01466
  100, 0.014766
  100, 0.014883
  100, 0.015225
  100, 0.014618
  100, 0.01484
  100, 0.014829
  100, 0.014464
  100, 0.014468
  100, 0.014817
  100, 0.015091
  100, 0.0147
# Running code with OMP_NUM_THREADS= 2
#  N=  , time (s)
  100, 0.007726
  100, 0.007734
  100, 0.007478
  100, 0.00769
  100, 0.007372
  100, 0.0073
  100, 0.007261
  100, 0.007262
  100, 0.007458
  100, 0.007348
  100, 0.00736
  100, 0.007252
  100, 0.007272
  100, 0.007342
  100, 0.007588
  100, 0.007567
  100, 0.007526
  100, 0.007297
  100, 0.007367
  100, 0.007338
  100, 0.00736
  100, 0.007242
  100, 0.007335
  100, 0.0075
  100, 0.007399
  100, 0.00739
  100, 0.007337
  100, 0.007243
  100, 0.007243
  100, 0.007537
  100, 0.007342
  100, 0.007247
  100, 0.007332
  100, 0.007653
  100, 0.007299
  100, 0.007236
  100, 0.00741
  100, 0.007435
  100, 0.007243
  100, 0.007239
  100, 0.007239
  100, 0.007244
  100, 0.007391
  100, 0.007401
  100, 0.007522
  100, 0.007801
  100, 0.007539
  100, 0.007514
  100, 0.00734
  100, 0.007441
  100, 0.007365
  100, 0.007323
  100, 0.007292
  100, 0.007415
  100, 0.007292
  100, 0.007431
  100, 0.007394
  100, 0.007558
  100, 0.007379
  100, 0.007467
  100, 0.007351
  100, 0.007329
  100, 0.007296
  100, 0.007328
  100, 0.007605
  100, 0.007362
  100, 0.007288
  100, 0.007306
  100, 0.007378
  100, 0.007553
  100, 0.007488
  100, 0.007585
  100, 0.007446
  100, 0.007361
  100, 0.007798
  100, 0.007556
  100, 0.00735
  100, 0.00753
  100, 0.007258
  100, 0.007322
  100, 0.007308
  100, 0.007465
  100, 0.007546
  100, 0.007466
  100, 0.007249
  100, 0.007397
  100, 0.007339
  100, 0.007724
  100, 0.007687
  100, 0.007784
  100, 0.007519
  100, 0.00761
  100, 0.007543
  100, 0.007985
  100, 0.007484
  100, 0.007505
  100, 0.007964
  100, 0.007785
  100, 0.008227
  100, 0.0082
# Running code with OMP_NUM_THREADS= 4
#  N=  , time (s)
  100, 0.004301
  100, 0.004215
  100, 0.004272
  100, 0.0042
  100, 0.00417
  100, 0.004192
  100, 0.004239
  100, 0.004069
  100, 0.004188
  100, 0.004364
  100, 0.003947
  100, 0.004011
  100, 0.004249
  100, 0.004163
  100, 0.004149
  100, 0.003935
  100, 0.004117
  100, 0.004111
  100, 0.003839
  100, 0.003975
  100, 0.003831
  100, 0.004163
  100, 0.004187
  100, 0.004316
  100, 0.004526
  100, 0.004212
  100, 0.003803
  100, 0.004045
  100, 0.004319
  100, 0.003929
  100, 0.004076
  100, 0.003855
  100, 0.003774
  100, 0.0038
  100, 0.004155
  100, 0.004262
  100, 0.004139
  100, 0.004028
  100, 0.004281
  100, 0.004243
  100, 0.003997
  100, 0.00417
  100, 0.004056
  100, 0.004208
  100, 0.003873
  100, 0.004141
  100, 0.004138
  100, 0.004174
  100, 0.004308
  100, 0.004246
  100, 0.004199
  100, 0.004124
  100, 0.004142
  100, 0.003911
  100, 0.004039
  100, 0.004007
  100, 0.004279
  100, 0.004059
  100, 0.004206
  100, 0.00449
  100, 0.004302
  100, 0.004206
  100, 0.004158
  100, 0.0039
  100, 0.004205
  100, 0.004277
  100, 0.004166
  100, 0.004246
  100, 0.003955
  100, 0.00434
  100, 0.004295
  100, 0.004168
  100, 0.004226
  100, 0.004008
  100, 0.00388
  100, 0.003994
  100, 0.004224
  100, 0.004246
  100, 0.003947
  100, 0.004272
  100, 0.004054
  100, 0.004205
  100, 0.004293
  100, 0.004282
  100, 0.004282
  100, 0.00415
  100, 0.003825
  100, 0.004249
  100, 0.003944
  100, 0.003843
  100, 0.004025
  100, 0.004054
  100, 0.003974
  100, 0.003947
  100, 0.004149
  100, 0.003895
  100, 0.004076
  100, 0.004431
  100, 0.00402
  100, 0.004234
# Running code with OMP_NUM_THREADS= 8
#  N=  , time (s)
  100, 0.002481
  100, 0.002276
  100, 0.002259
  100, 0.002186
  100, 0.002183
  100, 0.002317
  100, 0.00225
  100, 0.002182
  100, 0.002164
  100, 0.002174
  100, 0.00239
  100, 0.002289
  100, 0.002172
  100, 0.00222
  100, 0.002177
  100, 0.002169
  100, 0.002335
  100, 0.002168
  100, 0.00257
  100, 0.002393
  100, 0.002201
  100, 0.002173
  100, 0.002192
  100, 0.002168
  100, 0.002167
  100, 0.002173
  100, 0.002159
  100, 0.002499
  100, 0.002194
  100, 0.002197
  100, 0.002167
  100, 0.002176
  100, 0.002438
  100, 0.002251
  100, 0.002166
  100, 0.002459
  100, 0.002342
  100, 0.002169
  100, 0.002166
  100, 0.002175
  100, 0.002381
  100, 0.002274
  100, 0.002172
  100, 0.002345
  100, 0.002234
  100, 0.002282
  100, 0.00225
  100, 0.002235
  100, 0.00245
  100, 0.002203
  100, 0.002468
  100, 0.002201
  100, 0.002241
  100, 0.002184
  100, 0.00236
  100, 0.002443
  100, 0.002182
  100, 0.002516
  100, 0.002257
  100, 0.002294
  100, 0.002175
  100, 0.002174
  100, 0.002214
  100, 0.002183
  100, 0.002575
  100, 0.002317
  100, 0.002226
  100, 0.002182
  100, 0.002175
  100, 0.002334
  100, 0.002376
  100, 0.002186
  100, 0.002267
  100, 0.002436
  100, 0.002176
  100, 0.002252
  100, 0.002181
  100, 0.002314
  100, 0.002291
  100, 0.002233
  100, 0.002478
  100, 0.002255
  100, 0.002296
  100, 0.002204
  100, 0.0022
  100, 0.002191
  100, 0.002166
  100, 0.00242
  100, 0.002249
  100, 0.002273
  100, 0.002243
  100, 0.002177
  100, 0.002187
  100, 0.002178
  100, 0.002282
  100, 0.002177
  100, 0.002218
  100, 0.002379
  100, 0.002297
  100, 0.002212
# Running code with OMP_NUM_THREADS= 12
#  N=  , time (s)
  100, 0.001922
  100, 0.001528
  100, 0.001534
  100, 0.001559
  100, 0.001528
  100, 0.001519
  100, 0.001518
  100, 0.001524
  100, 0.001512
  100, 0.001531
  100, 0.001679
  100, 0.001537
  100, 0.001517
  100, 0.001533
  100, 0.001794
  100, 0.001537
  100, 0.001508
  100, 0.001527
  100, 0.001865
  100, 0.00153
  100, 0.001521
  100, 0.001517
  100, 0.001547
  100, 0.001533
  100, 0.001517
  100, 0.001511
  100, 0.001514
  100, 0.001517
  100, 0.00185
  100, 0.001528
  100, 0.001518
  100, 0.001622
  100, 0.001531
  100, 0.001512
  100, 0.001523
  100, 0.001584
  100, 0.001529
  100, 0.00152
  100, 0.001537
  100, 0.001712
  100, 0.001531
  100, 0.001517
  100, 0.001509
  100, 0.001517
  100, 0.001518
  100, 0.001516
  100, 0.001515
  100, 0.00152
  100, 0.001514
  100, 0.001603
  100, 0.001648
  100, 0.00153
  100, 0.001513
  100, 0.00152
  100, 0.001512
  100, 0.001524
  100, 0.001604
  100, 0.001534
  100, 0.001517
  100, 0.001526
  100, 0.001513
  100, 0.001528
  100, 0.001641
  100, 0.001529
  100, 0.001523
  100, 0.001513
  100, 0.00157
  100, 0.00153
  100, 0.001518
  100, 0.001513
  100, 0.001529
  100, 0.001523
  100, 0.001621
  100, 0.001544
  100, 0.001511
  100, 0.001515
  100, 0.001515
  100, 0.001515
  100, 0.001522
  100, 0.001518
  100, 0.00152
  100, 0.00152
  100, 0.001511
  100, 0.001521
  100, 0.001813
  100, 0.00153
  100, 0.001513
  100, 0.001518
  100, 0.001524
  100, 0.00152
  100, 0.001522
  100, 0.001509
  100, 0.001522
  100, 0.001615
  100, 0.001521
  100, 0.001517
  100, 0.001521
  100, 0.001514
  100, 0.001509
  100, 0.00154
# Running code with OMP_NUM_THREADS= 16
#  N=  , time (s)
  100, 0.001688
  100, 0.001199
  100, 0.001185
  100, 0.001189
  100, 0.001183
  100, 0.001301
  100, 0.001199
  100, 0.001251
  100, 0.0012
  100, 0.001183
  100, 0.001183
  100, 0.001181
  100, 0.001181
  100, 0.001184
  100, 0.00137
  100, 0.001193
  100, 0.001186
  100, 0.001185
  100, 0.001184
  100, 0.001193
  100, 0.001186
  100, 0.001186
  100, 0.001198
  100, 0.001229
  100, 0.001189
  100, 0.00119
  100, 0.001184
  100, 0.001181
  100, 0.001188
  100, 0.001181
  100, 0.001182
  100, 0.001423
  100, 0.001203
  100, 0.001188
  100, 0.001519
  100, 0.001213
  100, 0.001186
  100, 0.001185
  100, 0.00119
  100, 0.001181
  100, 0.001183
  100, 0.001293
  100, 0.001192
  100, 0.001192
  100, 0.001186
  100, 0.00118
  100, 0.001184
  100, 0.001188
  100, 0.001185
  100, 0.001182
  100, 0.001196
  100, 0.001282
  100, 0.001192
  100, 0.00119
  100, 0.001191
  100, 0.001523
  100, 0.001189
  100, 0.001179
  100, 0.00118
  100, 0.001185
  100, 0.001181
  100, 0.001182
  100, 0.001181
  100, 0.001187
  100, 0.001184
  100, 0.001182
  100, 0.001189
  100, 0.001296
  100, 0.0012
  100, 0.001182
  100, 0.001189
  100, 0.001181
  100, 0.001179
  100, 0.001187
  100, 0.001187
  100, 0.001182
  100, 0.001179
  100, 0.001181
  100, 0.001292
  100, 0.001192
  100, 0.001194
  100, 0.001183
  100, 0.00118
  100, 0.00118
  100, 0.00118
  100, 0.001178
  100, 0.001182
  100, 0.001197
  100, 0.001186
  100, 0.001182
  100, 0.001182
  100, 0.001183
  100, 0.001305
  100, 0.001194
  100, 0.00118
  100, 0.001182
  100, 0.001182
  100, 0.001184
  100, 0.001187
  100, 0.001181
# Running code with OMP_NUM_THREADS= 20
#  N=  , time (s)
  100, 0.00136
  100, 0.00087
  100, 0.000866
  100, 0.000874
  100, 0.001048
  100, 0.000873
  100, 0.000864
  100, 0.000864
  100, 0.000868
  100, 0.000862
  100, 0.000853
  100, 0.00087
  100, 0.001014
  100, 0.000871
  100, 0.000862
  100, 0.000865
  100, 0.000866
  100, 0.000881
  100, 0.000948
  100, 0.000876
  100, 0.000867
  100, 0.000861
  100, 0.000868
  100, 0.000861
  100, 0.000863
  100, 0.000862
  100, 0.000862
  100, 0.000865
  100, 0.000863
  100, 0.00086
  100, 0.000861
  100, 0.000862
  100, 0.000878
  100, 0.000991
  100, 0.000867
  100, 0.000867
  100, 0.000866
  100, 0.000866
  100, 0.000866
  100, 0.000853
  100, 0.000862
  100, 0.000861
  100, 0.00086
  100, 0.000859
  100, 0.000862
  100, 0.000863
  100, 0.00086
  100, 0.000862
  100, 0.00086
  100, 0.000855
  100, 0.000865
  100, 0.000869
  100, 0.000864
  100, 0.000864
  100, 0.000866
  100, 0.000863
  100, 0.000863
  100, 0.000863
  100, 0.000862
  100, 0.00088
  100, 0.000863
  100, 0.00086
  100, 0.00086
  100, 0.00086
  100, 0.000861
  100, 0.000862
  100, 0.000861
  100, 0.000861
  100, 0.000859
  100, 0.000862
  100, 0.000859
  100, 0.000878
  100, 0.000959
  100, 0.000872
  100, 0.000856
  100, 0.000864
  100, 0.000858
  100, 0.000868
  100, 0.000862
  100, 0.000865
  100, 0.000867
  100, 0.000863
  100, 0.000862
  100, 0.000864
  100, 0.000869
  100, 0.001217
  100, 0.000875
  100, 0.000862
  100, 0.000862
  100, 0.000862
  100, 0.000861
  100, 0.000862
  100, 0.000861
  100, 0.000879
  100, 0.0011
  100, 0.000874
  100, 0.000853
  100, 0.000861
  100, 0.00086
  100, 0.00086
# Running code with OMP_NUM_THREADS= 24
#  N=  , time (s)
  100, 0.001478
  100, 0.000887
  100, 0.000872
  100, 0.000857
  100, 0.000866
  100, 0.000861
  100, 0.000861
  100, 0.000852
  100, 0.00089
  100, 0.000862
  100, 0.000865
  100, 0.000866
  100, 0.000861
  100, 0.000861
  100, 0.000851
  100, 0.000868
  100, 0.000869
  100, 0.000862
  100, 0.000862
  100, 0.000857
  100, 0.000857
  100, 0.000865
  100, 0.000859
  100, 0.000858
  100, 0.000866
  100, 0.000852
  100, 0.000849
  100, 0.000866
  100, 0.000859
  100, 0.000862
  100, 0.000857
  100, 0.000857
  100, 0.000864
  100, 0.000861
  100, 0.000859
  100, 0.000861
  100, 0.000861
  100, 0.000866
  100, 0.000857
  100, 0.000852
  100, 0.000852
  100, 0.000865
  100, 0.00086
  100, 0.000866
  100, 0.000857
  100, 0.000857
  100, 0.000862
  100, 0.000857
  100, 0.000863
  100, 0.000866
  100, 0.000865
  100, 0.000861
  100, 0.000857
  100, 0.000857
  100, 0.000851
  100, 0.00086
  100, 0.00086
  100, 0.000868
  100, 0.000857
  100, 0.000856
  100, 0.000863
  100, 0.000862
  100, 0.000856
  100, 0.000856
  100, 0.000859
  100, 0.00086
  100, 0.000865
  100, 0.000857
  100, 0.000852
  100, 0.00086
  100, 0.000863
  100, 0.000855
  100, 0.000855
  100, 0.000851
  100, 0.000863
  100, 0.000858
  100, 0.000874
  100, 0.000864
  100, 0.000858
  100, 0.000862
  100, 0.000852
  100, 0.000872
  100, 0.000861
  100, 0.000869
  100, 0.000857
  100, 0.000857
  100, 0.000861
  100, 0.000859
  100, 0.000869
  100, 0.000868
  100, 0.000859
  100, 0.000867
  100, 0.000872
  100, 0.001019
  100, 0.000901
  100, 0.000863
  100, 0.000856
  100, 0.000858
  100, 0.000863
  100, 0.000857
# SWITCHING TO 1000x1000
# Running code with OMP_NUM_THREADS= 1
#  N=  , time (s)
 1000, 17.0749
 1000, 16.4824
 1000, 16.5143
 1000, 16.4398
 1000, 16.4046
 1000, 16.5582
 1000, 16.5028
 1000, 16.3441
 1000, 16.3441
 1000, 16.41
 1000, 16.4281
 1000, 16.3535
 1000, 16.436
 1000, 16.4659
 1000, 16.428
 1000, 16.4905
 1000, 16.4103
 1000, 16.4428
 1000, 15.929
 1000, 16.4378
 1000, 16.4591
 1000, 16.4419
 1000, 16.3606
 1000, 16.5671
 1000, 16.4484
 1000, 16.3157
 1000, 16.153
 1000, 16.2001
 1000, 15.9706
 1000, 16.0582
 1000, 16.0437
 1000, 16.109
 1000, 16.0543
 1000, 16.1057
 1000, 16.0784
slurmstepd: error: *** JOB 33065046 ON lac-093 CANCELLED AT 2024-03-25T11:06:16 DUE TO TIME LIMIT ***
