Lmod Warning: Input module (gcc) not found, using module: GCC . . . (ICER v.) 


# Running code with OMP_NUM_THREADS= 1
#  N=  , time (s)
 1000, 16.6179
 1000, 17.2012
 1000, 17.4225
 1000, 17.0573
 1000, 17.1699
 1000, 17.2229
 1000, 17.0799
 1000, 16.9484
 1000, 17.0632
 1000, 17.2643
 1000, 16.9704
 1000, 16.9671
 1000, 17.4759
 1000, 17.1413
 1000, 17.1558
 1000, 17.2767
 1000, 17.5361
 1000, 16.9478
 1000, 16.9311
 1000, 16.9834
 1000, 17.0073
 1000, 17.0179
 1000, 17.107
 1000, 17.2281
 1000, 17.0725
 1000, 17.2826
 1000, 17.1286
 1000, 16.9396
 1000, 17.1624
 1000, 17.0754
 1000, 17.2275
 1000, 17.0233
 1000, 16.9645
 1000, 17.1342
 1000, 17.2032
 1000, 17.1785
 1000, 17.1
 1000, 17.2404
 1000, 17.1706
 1000, 17.0572
 1000, 17.0083
 1000, 17.1796
 1000, 16.9067
 1000, 17.037
 1000, 16.8759
 1000, 16.9913
 1000, 16.8488
 1000, 16.9485
 1000, 16.9154
 1000, 17.0573
 1000, 17.1216
 1000, 17.2312
 1000, 16.9337
 1000, 17.3298
 1000, 17.3153
 1000, 17.0653
 1000, 16.8832
 1000, 16.9114
 1000, 17.0744
 1000, 16.8615
 1000, 16.9539
 1000, 16.9527
 1000, 17.1104
 1000, 16.8909
 1000, 17.0349
 1000, 17.0557
 1000, 17.1279
 1000, 17.2137
 1000, 17.1684
 1000, 16.9477
 1000, 17.039
 1000, 17.052
 1000, 16.8505
 1000, 16.9745
 1000, 16.9143
 1000, 16.9583
 1000, 17.0149
 1000, 17.0357
 1000, 16.9739
 1000, 17.1827
 1000, 17.1695
 1000, 17.084
 1000, 17.0076
 1000, 17.1065
 1000, 17.1057
 1000, 16.9482
 1000, 16.8903
 1000, 17.0247
 1000, 17.0289
 1000, 17.1087
 1000, 16.8864
 1000, 17.0503
 1000, 17.0569
 1000, 16.8857
 1000, 16.911
 1000, 16.9015
 1000, 16.9388
 1000, 16.9529
 1000, 17.0466
 1000, 16.9989
# Running code with OMP_NUM_THREADS= 2
#  N=  , time (s)
 1000, 8.65194
 1000, 8.54465
 1000, 8.46883
 1000, 8.59615
 1000, 8.54247
 1000, 8.61408
 1000, 8.52501
 1000, 8.75958
 1000, 8.69728
 1000, 8.59478
 1000, 8.86097
 1000, 8.8916
 1000, 8.70877
 1000, 8.69221
 1000, 8.49278
 1000, 8.57964
 1000, 8.49487
 1000, 8.61332
 1000, 8.50723
 1000, 8.5035
 1000, 8.52657
 1000, 8.54768
 1000, 8.79422
 1000, 8.59048
 1000, 8.55945
 1000, 8.53348
 1000, 8.53793
 1000, 8.54824
 1000, 8.48948
 1000, 8.51766
 1000, 8.4561
 1000, 8.53244
 1000, 8.52465
 1000, 8.52307
 1000, 8.63134
 1000, 8.60944
 1000, 8.62249
 1000, 8.45432
 1000, 8.638
 1000, 8.5181
 1000, 8.56113
 1000, 8.66374
 1000, 8.44401
 1000, 8.47242
 1000, 8.45536
 1000, 8.521
 1000, 8.47218
 1000, 8.50356
 1000, 8.49984
 1000, 8.56633
 1000, 8.47852
 1000, 8.41955
 1000, 8.54277
 1000, 8.45575
 1000, 8.43876
 1000, 8.58507
 1000, 8.47383
 1000, 8.46938
 1000, 8.46678
 1000, 8.57871
 1000, 8.43225
 1000, 8.46424
 1000, 8.53859
 1000, 8.53271
 1000, 8.62605
 1000, 8.5652
 1000, 8.613
 1000, 8.61341
 1000, 8.52794
 1000, 8.55729
 1000, 8.52892
 1000, 8.50011
 1000, 8.49299
 1000, 8.50792
 1000, 8.4552
 1000, 8.45362
 1000, 8.56572
 1000, 8.64352
 1000, 8.47329
 1000, 8.51777
 1000, 8.55463
 1000, 8.48616
 1000, 8.49114
 1000, 8.53239
 1000, 8.52294
 1000, 8.46879
 1000, 8.49199
 1000, 8.59947
 1000, 8.48724
 1000, 8.50748
 1000, 8.50011
 1000, 8.49012
 1000, 8.4583
 1000, 8.43025
 1000, 8.53403
 1000, 8.74426
 1000, 8.47995
 1000, 8.61217
 1000, 8.56267
 1000, 8.639
# Running code with OMP_NUM_THREADS= 4
#  N=  , time (s)
 1000, 4.49365
 1000, 4.45287
 1000, 4.49234
 1000, 4.46661
 1000, 4.49894
 1000, 4.57324
 1000, 4.60332
 1000, 4.4618
 1000, 4.47644
 1000, 4.48397
 1000, 4.54067
 1000, 4.54755
 1000, 4.50238
 1000, 4.48443
 1000, 4.48773
 1000, 4.52784
 1000, 4.45026
 1000, 4.46446
 1000, 4.43221
 1000, 4.47425
 1000, 4.44699
 1000, 4.52564
 1000, 4.50133
 1000, 4.50291
 1000, 4.48583
 1000, 4.44438
 1000, 4.51705
 1000, 4.45894
 1000, 4.51427
 1000, 4.45022
 1000, 4.46173
 1000, 4.44046
 1000, 4.44502
 1000, 4.43988
 1000, 4.44306
 1000, 4.462
 1000, 4.50361
 1000, 4.55924
 1000, 4.43258
 1000, 4.4572
 1000, 4.50631
 1000, 4.5035
 1000, 4.44076
 1000, 4.55278
 1000, 4.39829
 1000, 4.43562
 1000, 4.4782
 1000, 4.46302
 1000, 4.49718
 1000, 4.49075
 1000, 4.47574
 1000, 4.49445
 1000, 4.42637
 1000, 4.51099
 1000, 4.4679
 1000, 4.44348
 1000, 4.45882
 1000, 4.50449
 1000, 4.46872
 1000, 4.45353
 1000, 4.41332
 1000, 4.47085
 1000, 4.46638
 1000, 4.50354
 1000, 4.48138
 1000, 4.44888
 1000, 4.46918
 1000, 4.45769
 1000, 4.54041
 1000, 4.48361
 1000, 4.44768
 1000, 4.48698
 1000, 4.50063
 1000, 4.44582
 1000, 4.51693
 1000, 4.52424
 1000, 4.52136
 1000, 4.50526
 1000, 4.48288
 1000, 4.47942
 1000, 4.45286
 1000, 4.56341
 1000, 4.4961
 1000, 4.43707
 1000, 4.46704
 1000, 4.44318
 1000, 4.48927
 1000, 4.44223
 1000, 4.5555
 1000, 4.47231
 1000, 4.49535
 1000, 4.44373
 1000, 4.4363
 1000, 4.47761
 1000, 4.54985
 1000, 4.4826
 1000, 4.47181
 1000, 4.47635
 1000, 4.43111
 1000, 4.48823
# Running code with OMP_NUM_THREADS= 8
#  N=  , time (s)
 1000, 2.38453
 1000, 2.37306
 1000, 2.37805
 1000, 2.3711
 1000, 2.37575
 1000, 2.37651
 1000, 2.37068
 1000, 2.38353
 1000, 2.37304
 1000, 2.36932
 1000, 2.38042
 1000, 2.38516
 1000, 2.36844
 1000, 2.38058
 1000, 2.37014
 1000, 2.36619
 1000, 2.37677
 1000, 2.38122
 1000, 2.37489
 1000, 2.37193
 1000, 2.37127
 1000, 2.3679
 1000, 2.37739
 1000, 2.38077
 1000, 2.375
 1000, 2.38008
 1000, 2.37767
 1000, 2.3758
 1000, 2.3798
 1000, 2.37961
 1000, 2.37937
 1000, 2.37465
 1000, 2.37918
 1000, 2.37067
 1000, 2.37411
 1000, 2.37348
 1000, 2.3746
 1000, 2.37978
 1000, 2.3785
 1000, 2.37599
 1000, 2.36195
 1000, 2.37896
 1000, 2.37678
 1000, 2.37152
 1000, 2.37528
 1000, 2.37866
 1000, 2.38065
 1000, 2.38358
 1000, 2.37726
 1000, 2.36467
 1000, 2.37028
 1000, 2.37901
 1000, 2.36876
 1000, 2.37299
 1000, 2.37852
 1000, 2.3722
 1000, 2.36589
 1000, 2.37807
 1000, 2.37938
 1000, 2.37067
 1000, 2.37275
 1000, 2.37023
 1000, 2.37295
 1000, 2.37167
 1000, 2.37142
 1000, 2.37774
 1000, 2.36739
 1000, 2.37554
 1000, 2.36517
 1000, 2.37018
 1000, 2.36866
 1000, 2.37011
 1000, 2.36726
 1000, 2.37004
 1000, 2.37262
 1000, 2.37656
 1000, 2.3617
 1000, 2.36689
 1000, 2.37466
 1000, 2.37408
 1000, 2.37249
 1000, 2.37653
 1000, 2.3727
 1000, 2.37381
 1000, 2.3805
 1000, 2.3724
 1000, 2.37365
 1000, 2.36709
 1000, 2.36132
 1000, 2.37375
 1000, 2.37748
 1000, 2.37774
 1000, 2.3657
 1000, 2.37702
 1000, 2.36476
 1000, 2.36829
 1000, 2.37292
 1000, 2.37205
 1000, 2.37733
 1000, 2.37545
# Running code with OMP_NUM_THREADS= 12
#  N=  , time (s)
 1000, 1.58348
 1000, 1.58821
 1000, 1.58369
 1000, 1.58305
 1000, 1.58683
 1000, 1.59094
 1000, 1.58441
 1000, 1.58723
 1000, 1.58869
 1000, 1.58423
 1000, 1.58818
 1000, 1.58592
 1000, 1.58156
 1000, 1.58571
 1000, 1.58361
 1000, 1.5841
 1000, 1.58995
 1000, 1.58168
 1000, 1.58198
 1000, 1.58762
 1000, 1.58461
 1000, 1.58569
 1000, 1.58429
 1000, 1.5871
 1000, 1.58516
 1000, 1.58792
 1000, 1.58934
 1000, 1.58615
 1000, 1.58784
 1000, 1.59081
 1000, 1.58371
 1000, 1.58547
 1000, 1.58336
 1000, 1.58659
 1000, 1.5841
 1000, 1.58753
 1000, 1.58388
 1000, 1.58476
 1000, 1.5831
 1000, 1.58213
 1000, 1.5824
 1000, 1.58849
 1000, 1.58698
 1000, 1.58738
 1000, 1.58401
 1000, 1.58238
 1000, 1.58625
 1000, 1.58775
 1000, 1.58321
 1000, 1.58766
 1000, 1.58441
 1000, 1.5835
 1000, 1.58661
 1000, 1.58412
 1000, 1.58057
 1000, 1.58308
 1000, 1.59781
 1000, 1.58151
 1000, 1.58425
 1000, 1.58494
 1000, 1.58419
 1000, 1.58419
 1000, 1.58158
 1000, 1.58444
 1000, 1.58442
 1000, 1.5878
 1000, 1.58065
 1000, 1.58602
 1000, 1.58379
 1000, 1.58413
 1000, 1.58571
 1000, 1.58133
 1000, 1.58396
 1000, 1.58883
 1000, 1.58789
 1000, 1.58659
 1000, 1.58592
 1000, 1.58848
 1000, 1.58886
 1000, 1.58912
 1000, 1.5883
 1000, 1.58457
 1000, 1.58907
 1000, 1.58889
 1000, 1.58861
 1000, 1.58856
 1000, 1.58829
 1000, 1.58869
 1000, 1.58873
 1000, 1.58819
 1000, 1.58871
 1000, 1.58832
 1000, 1.58865
 1000, 1.58879
 1000, 1.5888
 1000, 1.58905
 1000, 1.58931
 1000, 1.58874
 1000, 1.58841
 1000, 1.58833
# Running code with OMP_NUM_THREADS= 16
#  N=  , time (s)
 1000, 1.20262
 1000, 1.19372
 1000, 1.19556
 1000, 1.19451
 1000, 1.19673
 1000, 1.19818
 1000, 1.19568
 1000, 1.19665
 1000, 1.19919
 1000, 1.19504
 1000, 1.19446
 1000, 1.1989
 1000, 1.19678
 1000, 1.19402
 1000, 1.19917
 1000, 1.1937
 1000, 1.19606
 1000, 1.19712
 1000, 1.19422
 1000, 1.19431
 1000, 1.19346
 1000, 1.19412
 1000, 1.19438
 1000, 1.19724
 1000, 1.19388
 1000, 1.19641
 1000, 1.194
 1000, 1.19261
 1000, 1.19627
 1000, 1.19385
 1000, 1.1939
 1000, 1.19508
 1000, 1.19416
 1000, 1.19288
 1000, 1.19562
 1000, 1.19296
 1000, 1.19265
 1000, 1.19228
 1000, 1.1966
 1000, 1.19349
 1000, 1.19258
 1000, 1.19223
 1000, 1.19403
 1000, 1.19464
 1000, 1.19331
 1000, 1.19389
 1000, 1.19253
 1000, 1.1939
 1000, 1.19372
 1000, 1.19571
 1000, 1.19432
 1000, 1.19303
 1000, 1.19289
 1000, 1.19298
 1000, 1.19259
 1000, 1.19308
 1000, 1.1938
 1000, 1.19254
 1000, 1.19321
 1000, 1.19608
 1000, 1.19555
 1000, 1.19563
 1000, 1.19925
 1000, 1.19676
 1000, 1.19605
 1000, 1.19521
 1000, 1.19572
 1000, 1.19659
 1000, 1.19574
 1000, 1.19637
 1000, 1.19668
 1000, 1.19559
 1000, 1.19639
 1000, 1.19543
 1000, 1.19645
 1000, 1.19554
 1000, 1.19643
 1000, 1.19645
 1000, 1.19545
 1000, 1.19635
 1000, 1.19542
 1000, 1.1967
 1000, 1.19507
 1000, 1.19678
 1000, 1.19596
 1000, 1.19643
 1000, 1.19954
 1000, 1.19671
 1000, 1.19572
 1000, 1.19549
slurmstepd: error: *** JOB 33066033 ON lac-307 CANCELLED AT 2024-03-25T12:13:31 DUE TO TIME LIMIT ***
