Lmod Warning: Input module (gcc) not found, using module: GCC . . . (ICER v.) 


# Running code with OMP_NUM_THREADS= 16
#  N=  , time (s)
 1000, 1.20247
 1000, 1.19422
 1000, 1.19469
 1000, 1.19401
 1000, 1.21287
 1000, 1.1994
 1000, 1.19639
 1000, 1.20101
 1000, 1.20635
 1000, 1.21677
 1000, 1.20534
 1000, 1.20692
 1000, 1.19908
 1000, 1.2042
 1000, 1.20402
 1000, 1.25698
 1000, 1.2267
 1000, 1.21051
 1000, 1.23868
 1000, 1.43135
 1000, 1.20593
 1000, 1.20475
 1000, 1.20197
 1000, 1.20367
 1000, 1.20568
 1000, 1.20374
 1000, 1.20425
 1000, 1.20357
 1000, 1.20406
 1000, 1.20217
 1000, 1.20139
 1000, 1.20125
 1000, 1.20256
 1000, 1.20298
 1000, 1.2006
 1000, 1.19631
 1000, 1.20192
 1000, 1.19638
 1000, 1.20124
 1000, 1.19933
 1000, 1.20209
 1000, 1.19859
 1000, 1.2003
 1000, 1.19722
 1000, 1.19731
 1000, 1.19796
 1000, 1.19632
 1000, 1.20143
 1000, 1.19941
 1000, 1.20289
 1000, 1.20339
 1000, 1.20153
 1000, 1.20129
 1000, 1.20032
 1000, 1.20266
 1000, 1.19814
 1000, 1.19527
 1000, 1.19792
 1000, 1.19474
 1000, 1.57269
 1000, 1.31827
 1000, 1.18948
 1000, 1.1898
 1000, 1.19363
 1000, 1.20158
 1000, 1.19294
 1000, 1.19438
 1000, 1.19605
 1000, 1.197
 1000, 1.19618
 1000, 1.59135
 1000, 1.19307
 1000, 1.19528
 1000, 1.19469
 1000, 1.19662
 1000, 1.19519
 1000, 1.19623
 1000, 1.19452
 1000, 1.19471
 1000, 1.38348
 1000, 1.19697
 1000, 1.1969
 1000, 1.19154
 1000, 1.19636
 1000, 1.1936
 1000, 1.19815
 1000, 1.19766
 1000, 1.19885
 1000, 1.19903
 1000, 1.19878
 1000, 1.1945
 1000, 1.19572
 1000, 1.18891
 1000, 1.19737
 1000, 1.19197
 1000, 1.19482
 1000, 1.19535
 1000, 1.19216
 1000, 1.19104
 1000, 1.192
# Running code with OMP_NUM_THREADS= 20
#  N=  , time (s)
 1000, 0.957132
 1000, 0.955892
 1000, 0.980444
 1000, 0.953588
 1000, 0.952991
 1000, 0.954072
 1000, 0.952789
 1000, 0.949763
 1000, 0.951148
 1000, 0.952261
 1000, 0.952245
 1000, 0.953641
 1000, 0.950728
 1000, 0.952982
 1000, 0.968253
 1000, 0.952847
 1000, 0.954304
 1000, 0.982506
 1000, 0.951939
 1000, 0.953289
 1000, 0.957883
 1000, 0.952929
 1000, 0.951272
 1000, 0.952955
 1000, 0.953719
 1000, 0.954518
 1000, 0.953017
 1000, 0.951742
 1000, 0.954582
 1000, 0.951797
 1000, 0.955163
 1000, 0.951859
 1000, 0.951611
 1000, 0.952883
 1000, 0.952796
 1000, 0.952313
 1000, 0.952302
 1000, 0.952279
 1000, 0.955188
 1000, 0.95272
 1000, 0.952384
 1000, 0.951152
 1000, 0.951371
 1000, 0.952382
 1000, 0.953744
 1000, 0.952427
 1000, 0.95224
 1000, 0.953668
 1000, 0.95364
 1000, 0.953676
 1000, 0.952061
 1000, 0.954341
 1000, 0.954029
 1000, 0.952708
 1000, 0.952427
 1000, 0.952362
 1000, 0.95238
 1000, 0.96291
 1000, 1.00549
 1000, 1.05899
 1000, 0.954787
 1000, 0.955501
 1000, 0.952064
 1000, 0.955752
 1000, 0.970027
 1000, 0.974624
 1000, 0.95311
 1000, 0.955098
 1000, 0.949574
 1000, 0.954178
 1000, 0.953606
 1000, 0.952746
 1000, 0.95266
 1000, 0.956677
 1000, 0.956032
 1000, 0.953238
 1000, 0.953192
 1000, 0.953183
 1000, 0.953204
 1000, 0.953222
 1000, 0.954779
 1000, 0.954613
 1000, 0.952938
 1000, 0.962569
 1000, 0.953045
 1000, 0.953254
 1000, 0.951967
 1000, 0.954113
 1000, 0.952263
 1000, 0.959631
 1000, 0.955385
 1000, 0.953106
 1000, 0.953167
 1000, 0.954752
 1000, 0.952552
 1000, 0.955194
 1000, 0.954538
 1000, 0.95108
 1000, 0.955082
 1000, 0.953573
# Running code with OMP_NUM_THREADS= 24
#  N=  , time (s)
 1000, 0.913062
 1000, 0.812287
 1000, 0.801898
 1000, 0.803263
 1000, 0.862717
 1000, 0.809472
 1000, 0.802743
 1000, 0.894322
 1000, 0.802438
 1000, 0.80248
 1000, 0.802561
 1000, 0.80302
 1000, 0.80158
 1000, 0.802084
 1000, 0.803577
 1000, 0.802174
 1000, 0.802347
 1000, 0.800413
 1000, 0.799581
 1000, 0.802828
 1000, 0.803716
 1000, 0.808012
 1000, 0.807667
 1000, 0.801986
 1000, 0.802383
 1000, 0.802404
 1000, 0.803591
 1000, 0.802386
 1000, 0.804546
 1000, 1.23477
 1000, 1.24654
 1000, 1.02311
 1000, 1.29641
 1000, 1.30244
 1000, 1.30614
 1000, 1.41158
 1000, 1.27431
 1000, 1.20842
 1000, 0.924331
 1000, 0.868745
 1000, 0.829024
 1000, 0.827676
 1000, 0.820274
 1000, 0.837061
 1000, 0.977137
 1000, 0.968744
 1000, 0.852079
 1000, 0.809805
 1000, 0.807902
 1000, 0.807683
 1000, 0.810084
 1000, 0.867836
 1000, 0.808793
 1000, 0.80892
 1000, 0.808264
 1000, 0.808167
 1000, 0.809479
 1000, 0.8095
 1000, 0.809934
 1000, 0.807297
 1000, 0.80834
 1000, 0.808911
 1000, 0.806846
 1000, 0.809109
 1000, 0.893597
 1000, 1.13962
 1000, 0.909659
 1000, 0.96489
 1000, 0.814559
 1000, 0.813462
 1000, 0.808494
 1000, 0.810786
 1000, 0.80638
 1000, 0.806224
 1000, 0.806242
 1000, 0.807066
 1000, 0.806454
 1000, 0.807466
 1000, 0.808114
 1000, 0.808257
 1000, 0.8066
 1000, 0.806712
 1000, 0.807013
 1000, 0.806425
 1000, 0.810728
 1000, 0.808617
 1000, 0.806437
 1000, 0.819177
 1000, 0.812982
 1000, 0.807753
 1000, 0.807319
 1000, 0.8072
 1000, 0.807546
 1000, 0.808887
 1000, 0.807249
 1000, 0.80721
 1000, 0.807274
 1000, 0.808572
 1000, 0.820929
 1000, 0.806515
JobId=33070822 JobName=mmm_omp
   UserId=freem386(6187794) GroupId=pa(2003) MCS_label=N/A
   Priority=62273 Nice=0 Account=general QOS=freem386
   JobState=RUNNING Reason=None Dependency=(null)
   Requeue=1 Restarts=0 BatchFlag=1 Reboot=0 ExitCode=0:0
   RunTime=00:05:37 TimeLimit=00:59:00 TimeMin=N/A
   SubmitTime=2024-03-25T13:18:55 EligibleTime=2024-03-25T13:18:55
   AccrueTime=2024-03-25T13:18:55
   StartTime=2024-03-25T13:19:07 EndTime=2024-03-25T14:18:07 Deadline=N/A
   SuspendTime=None SecsPreSuspend=0 LastSchedEval=2024-03-25T13:19:07 Scheduler=Main
   Partition=general-short AllocNode:Sid=dev-intel18:17972
   ReqNodeList=(null) ExcNodeList=(null)
   NodeList=lac-074
   BatchHost=lac-074
   NumNodes=1 NumCPUs=24 NumTasks=1 CPUs/Task=24 ReqB:S:C:T=0:0:*:*
   ReqTRES=cpu=24,mem=1G,node=1,billing=155
   AllocTRES=cpu=24,mem=1G,node=1,billing=155
   Socks/Node=* NtasksPerN:B:S:C=0:0:*:* CoreSpec=*
   MinCPUsNode=24 MinMemoryNode=1G MinTmpDiskNode=0
   Features=[intel14|intel16|intel18|(amr|acm)|nvf|nal|nif] DelayBoot=00:00:00
   OverSubscribe=OK Contiguous=0 Licenses=(null) Network=(null)
   Command=/mnt/ufs18/home-241/freem386/project-4-openmp-intro-seven-c-s/Freem_Work/submission.sb
   WorkDir=/mnt/ufs18/home-241/freem386/project-4-openmp-intro-seven-c-s/Freem_Work
   Comment=stdout=/mnt/ufs18/home-241/freem386/project-4-openmp-intro-seven-c-s/Freem_Work/slurm-33070822.out 
   StdErr=/mnt/ufs18/home-241/freem386/project-4-openmp-intro-seven-c-s/Freem_Work/slurm-33070822.out
   StdIn=/dev/null
   StdOut=/mnt/ufs18/home-241/freem386/project-4-openmp-intro-seven-c-s/Freem_Work/slurm-33070822.out
   Power=
   

